* 638f2a9 Agregando mas enlaces
*   92d3c7e Resolviendo Conflicto Cambio Commit
|\  
| *   fe90706 Resolviendo Conflicto en Cambio Commit
| |\  
* | \   6308811 Cambios en Git con @jonmircha
|\ \ \  
| |/ /  
|/| /   
| |/    
| * ef40936 Quitando Select en Index.html
* | d8d7043 Quitando Tres enlaces anteriores
|/  
*   6cef365 Resolviendo Conflicto merge en Index.html
|\  
| * 310e19e Index.js
| * 7564499 NADA
| * 02d3ce0 Tittle
* | 0bf4523 Cambiando Title Index.html
* | 12d320e FUSION
* |   a77fb14 Merge branch 'js'
|\ \  
| * | db950d7 Crando Index.js
* | |   311c02d Merge branch 'css'
|\ \ \  
| * | | 21b7b62 Creando Style.css
| | |/  
| |/|   
* | | c310d3a NADA
|\| | 
| |/  
|/|   
| * 280bfb7 Creando Index.html
| * 32a1e97 Nada
* | 63d79f1 NADA
* | f991c0b Creando Index.html
* | 32f63bc Eliminando html y css para otra rama
|/  
* 870f8e8 Ignorando Archivos .exe
* b7bc619 Cambio de Pagina HTML a Formulario
* 1c8b1a4 Creando Licencia del Repositorio
* 9d4c696 Agragando mas Contenido al README.md
* 2de5efc Pagina Completa
* c3dbf30 Agragando Contenido al README
* d5e1728 Cambio Numero 1
